<?xml version="1.0" encoding="UTF-8"?>
<testsuite xmlns:xsi="http://www.w3.org/2001/XMLSchema-instance" xsi:noNamespaceSchemaLocation="https://maven.apache.org/surefire/maven-surefire-plugin/xsd/surefire-test-report-3.0.xsd" version="3.0" name="com.arohana.AuthIntegrationTest" time="2.396" tests="4" errors="0" skipped="0" failures="0">
  <properties>
[...]
</properties>
  <testcase name="registerAndLogin" classname="com.arohana.AuthIntegrationTest" time="2.11">
    <system-out><![CDATA[2026-07-26T03:05:01.488+05:30 DEBUG 25040 --- [arohana-backend] [           main] .b.t.c.SpringBootTestContextBootstrapper : Neither @ContextConfiguration nor @ContextHierarchy found for test class [AuthIntegrationTest]: using SpringBootContextLoader
2026-07-26T03:05:01.489+05:30  INFO 25040 --- [arohana-backend] [           main] t.c.s.AnnotationConfigContextLoaderUtils : Could not detect default configuration classes for test class [com.arohana.AuthIntegrationTest]: AuthIntegrationTest does not declare any static, non-private, non-final, nested classes annotated with @Configuration.
2026-07-26T03:05:01.492+05:30 DEBUG 25040 --- [arohana-backend] [           main] .b.t.c.SpringBootTestContextBootstrapper : Using ContextCustomizerFactory implementations for test class [AuthIntegrationTest]: [ImportsContextCustomizerFactory, ExcludeFilterContextCustomizerFactory, HttpGraphQlTesterContextCustomizerFactory, DuplicateJsonObjectContextCustomizerFactory, MockitoContextCustomizerFactory, TestRestTemplateContextCustomizerFactory, WebTestClientContextCustomizerFactory, DisableReactorResourceFactoryGlobalResourcesContextCustomizerFactory, OverrideAutoConfigurationContextCustomizerFactory, ObservabilityContextCustomizerFactory, TypeExcludeFiltersContextCustomizerFactory, PropertyMappingContextCustomizerFactory, WebDriverContextCustomizerFactory, MockServerContainerContextCustomizerFactory, DynamicPropertiesContextCustomizerFactory]
2026-07-26T03:05:01.499+05:30 DEBUG 25040 --- [arohana-backend] [           main] .b.t.c.SpringBootTestContextBootstrapper : Using ContextCustomizers for test class [AuthIntegrationTest]: [ImportsContextCustomizer, ExcludeFilterContextCustomizer, DuplicateJsonObjectContextCustomizer, MockitoContextCustomizer, TestRestTemplateContextCustomizer, DisableReactorResourceFactoryGlobalResourcesContextCustomizerCustomizer, DisableObservabilityContextCustomizer, PropertyMappingContextCustomizer, WebDriverContextCustomizer]
2026-07-26T03:05:01.501+05:30  INFO 25040 --- [arohana-backend] [           main] .b.t.c.SpringBootTestContextBootstrapper : Found @SpringBootConfiguration com.arohana.ArohanaApplication for test class com.arohana.AuthIntegrationTest
2026-07-26T03:05:01.506+05:30 DEBUG 25040 --- [arohana-backend] [           main] .b.t.c.SpringBootTestContextBootstrapper : Using TestExecutionListeners for test class [AuthIntegrationTest]: [ServletTestExecutionListener, DirtiesContextBeforeModesTestExecutionListener, ApplicationEventsTestExecutionListener, MockitoTestExecutionListener, DependencyInjectionTestExecutionListener, DirtiesContextTestExecutionListener, TransactionalTestExecutionListener, SqlScriptsTestExecutionListener, EventPublishingTestExecutionListener, WithSecurityContextTestExecutionListener, ReactorContextTestExecutionListener, ResetMocksTestExecutionListener, RestDocsTestExecutionListener, MockRestServiceServerResetTestExecutionListener, MockMvcPrintOnlyOnFailureTestExecutionListener, WebDriverTestExecutionListener, MockWebServiceServerTestExecutionListener]
2026-07-26T03:05:01.616+05:30 DEBUG 25040 --- [arohana-backend] [           main] s.w.s.m.m.a.RequestMappingHandlerMapping : Mapped to com.arohana.identity.web.AuthController#register(RegisterRequest)
2026-07-26T03:05:01.760+05:30 DEBUG 25040 --- [arohana-backend] [           main] m.m.a.RequestResponseBodyMethodProcessor : Read "application/json;charset=UTF-8" to [RegisterRequest[username=test_player, displayName=Test Player, email=test@arohana.game, password=pas (truncated)...]
2026-07-26T03:05:02.246+05:30 DEBUG 25040 --- [arohana-backend] [           main] org.hibernate.SQL                        : select p1_0.id from player p1_0 where p1_0.username=? fetch first ? rows only
Hibernate: select p1_0.id from player p1_0 where p1_0.username=? fetch first ? rows only
2026-07-26T03:05:02.318+05:30 DEBUG 25040 --- [arohana-backend] [           main] org.hibernate.SQL                        : select i1_0.id from identity i1_0 where i1_0.email=? fetch first ? rows only
Hibernate: select i1_0.id from identity i1_0 where i1_0.email=? fetch first ? rows only
2026-07-26T03:05:02.934+05:30 DEBUG 25040 --- [arohana-backend] [           main] org.hibernate.SQL                        : insert into player (created_at,display_name,draws,losses,rating,updated_at,username,wins,id) values (?,?,?,?,?,?,?,?,?)
Hibernate: insert into player (created_at,display_name,draws,losses,rating,updated_at,username,wins,id) values (?,?,?,?,?,?,?,?,?)
2026-07-26T03:05:02.963+05:30 DEBUG 25040 --- [arohana-backend] [           main] org.hibernate.SQL                        : insert into identity (created_at,email,email_verified,password_hash,player_id,id) values (?,?,?,?,?,?)
Hibernate: insert into identity (created_at,email,email_verified,password_hash,player_id,id) values (?,?,?,?,?,?)
2026-07-26T03:05:02.978+05:30 DEBUG 25040 --- [arohana-backend] [           main] o.s.w.s.m.m.a.HttpEntityMethodProcessor  : Using 'application/json', given [*/*] and supported [application/json, application/*+json]
2026-07-26T03:05:02.990+05:30 DEBUG 25040 --- [arohana-backend] [           main] o.s.w.s.m.m.a.HttpEntityMethodProcessor  : Writing [AuthResponse[token=eyJhbGciOiJIUzM4NCJ9.eyJzdWIiOiJmMGM4NGEzNS1lN2FhLTQ4NGMtOTYyNC00NjE0ZThhNjJhNjIi (truncated)...]
2026-07-26T03:05:03.271+05:30 DEBUG 25040 --- [arohana-backend] [           main] s.w.s.m.m.a.RequestMappingHandlerMapping : Mapped to com.arohana.identity.web.AuthController#login(LoginRequest)
2026-07-26T03:05:03.277+05:30 DEBUG 25040 --- [arohana-backend] [           main] m.m.a.RequestResponseBodyMethodProcessor : Read "application/json;charset=UTF-8" to [LoginRequest[email=test@arohana.game, password=password123]]
2026-07-26T03:05:03.330+05:30 DEBUG 25040 --- [arohana-backend] [           main] org.hibernate.SQL                        : select i1_0.id,i1_0.created_at,i1_0.email,i1_0.email_verified,i1_0.password_hash,i1_0.player_id from identity i1_0 where i1_0.email=?
Hibernate: select i1_0.id,i1_0.created_at,i1_0.email,i1_0.email_verified,i1_0.password_hash,i1_0.player_id from identity i1_0 where i1_0.email=?
2026-07-26T03:05:03.500+05:30 DEBUG 25040 --- [arohana-backend] [           main] org.hibernate.SQL                        : select p1_0.id,p1_0.created_at,p1_0.display_name,p1_0.draws,p1_0.losses,p1_0.rating,p1_0.updated_at,p1_0.username,p1_0.wins from player p1_0 where p1_0.id=?
Hibernate: select p1_0.id,p1_0.created_at,p1_0.display_name,p1_0.draws,p1_0.losses,p1_0.rating,p1_0.updated_at,p1_0.username,p1_0.wins from player p1_0 where p1_0.id=?
2026-07-26T03:05:03.504+05:30 DEBUG 25040 --- [arohana-backend] [           main] o.s.w.s.m.m.a.HttpEntityMethodProcessor  : Using 'application/json', given [*/*] and supported [application/json, application/*+json]
2026-07-26T03:05:03.505+05:30 DEBUG 25040 --- [arohana-backend] [           main] o.s.w.s.m.m.a.HttpEntityMethodProcessor  : Writing [AuthResponse[token=eyJhbGciOiJIUzM4NCJ9.eyJzdWIiOiJmMGM4NGEzNS1lN2FhLTQ4NGMtOTYyNC00NjE0ZThhNjJhNjIi (truncated)...]
2026-07-26T03:05:03.596+05:30 DEBUG 25040 --- [arohana-backend] [           main] s.w.s.m.m.a.RequestMappingHandlerMapping : Mapped to com.arohana.player.web.PlayerController#getOwnProfile(ArohanaUserPrincipal)
2026-07-26T03:05:03.603+05:30 DEBUG 25040 --- [arohana-backend] [           main] org.hibernate.SQL                        : select p1_0.id,p1_0.created_at,p1_0.display_name,p1_0.draws,p1_0.losses,p1_0.rating,p1_0.updated_at,p1_0.username,p1_0.wins from player p1_0 where p1_0.id=?
Hibernate: select p1_0.id,p1_0.created_at,p1_0.display_name,p1_0.draws,p1_0.losses,p1_0.rating,p1_0.updated_at,p1_0.username,p1_0.wins from player p1_0 where p1_0.id=?
2026-07-26T03:05:03.608+05:30 DEBUG 25040 --- [arohana-backend] [           main] o.s.w.s.m.m.a.HttpEntityMethodProcessor  : Using 'application/json', given [*/*] and supported [application/json, application/*+json]
2026-07-26T03:05:03.618+05:30 DEBUG 25040 --- [arohana-backend] [           main] o.s.w.s.m.m.a.HttpEntityMethodProcessor  : Writing [PlayerSummary[id=f0c84a35-e7aa-484c-9624-4614e8a62a62, username=test_player, displayName=Test Player (truncated)...]
]]></system-out>
  </testcase>
  <testcase name="duplicateUsernameIsRejected" classname="com.arohana.AuthIntegrationTest" time="0.218">
    <system-out><![CDATA[2026-07-26T03:05:03.636+05:30 DEBUG 25040 --- [arohana-backend] [           main] s.w.s.m.m.a.RequestMappingHandlerMapping : Mapped to com.arohana.identity.web.AuthController#register(RegisterRequest)
2026-07-26T03:05:03.637+05:30 DEBUG 25040 --- [arohana-backend] [           main] m.m.a.RequestResponseBodyMethodProcessor : Read "application/json;charset=UTF-8" to [RegisterRequest[username=dup_user, displayName=Dup User, email=dup@arohana.game, password=password12 (truncated)...]
2026-07-26T03:05:03.642+05:30 DEBUG 25040 --- [arohana-backend] [           main] org.hibernate.SQL                        : select p1_0.id from player p1_0 where p1_0.username=? fetch first ? rows only
Hibernate: select p1_0.id from player p1_0 where p1_0.username=? fetch first ? rows only
2026-07-26T03:05:03.645+05:30 DEBUG 25040 --- [arohana-backend] [           main] org.hibernate.SQL                        : select i1_0.id from identity i1_0 where i1_0.email=? fetch first ? rows only
Hibernate: select i1_0.id from identity i1_0 where i1_0.email=? fetch first ? rows only
2026-07-26T03:05:03.781+05:30 DEBUG 25040 --- [arohana-backend] [           main] org.hibernate.SQL                        : insert into player (created_at,display_name,draws,losses,rating,updated_at,username,wins,id) values (?,?,?,?,?,?,?,?,?)
Hibernate: insert into player (created_at,display_name,draws,losses,rating,updated_at,username,wins,id) values (?,?,?,?,?,?,?,?,?)
2026-07-26T03:05:03.783+05:30 DEBUG 25040 --- [arohana-backend] [           main] org.hibernate.SQL                        : insert into identity (created_at,email,email_verified,password_hash,player_id,id) values (?,?,?,?,?,?)
Hibernate: insert into identity (created_at,email,email_verified,password_hash,player_id,id) values (?,?,?,?,?,?)
2026-07-26T03:05:03.785+05:30 DEBUG 25040 --- [arohana-backend] [           main] o.s.w.s.m.m.a.HttpEntityMethodProcessor  : Using 'application/json', given [*/*] and supported [application/json, application/*+json]
2026-07-26T03:05:03.786+05:30 DEBUG 25040 --- [arohana-backend] [           main] o.s.w.s.m.m.a.HttpEntityMethodProcessor  : Writing [AuthResponse[token=eyJhbGciOiJIUzM4NCJ9.eyJzdWIiOiJiZDA4YTdlYS0zYTVkLTRlNTctOTY5YS03ZDk4YjYzM2QxZGEi (truncated)...]
2026-07-26T03:05:03.790+05:30 DEBUG 25040 --- [arohana-backend] [           main] s.w.s.m.m.a.RequestMappingHandlerMapping : Mapped to com.arohana.identity.web.AuthController#register(RegisterRequest)
2026-07-26T03:05:03.792+05:30 DEBUG 25040 --- [arohana-backend] [           main] m.m.a.RequestResponseBodyMethodProcessor : Read "application/json;charset=UTF-8" to [RegisterRequest[username=dup_user, displayName=Dup User2, email=dup2@arohana.game, password=password (truncated)...]
2026-07-26T03:05:03.796+05:30 DEBUG 25040 --- [arohana-backend] [           main] org.hibernate.SQL                        : select p1_0.id from player p1_0 where p1_0.username=? fetch first ? rows only
Hibernate: select p1_0.id from player p1_0 where p1_0.username=? fetch first ? rows only
2026-07-26T03:05:03.807+05:30 DEBUG 25040 --- [arohana-backend] [           main] .m.m.a.ExceptionHandlerExceptionResolver : Using @ExceptionHandler com.arohana.shared.web.GlobalExceptionHandler#handleBadRequest(IllegalArgumentException)
2026-07-26T03:05:03.836+05:30 DEBUG 25040 --- [arohana-backend] [           main] o.s.w.s.m.m.a.HttpEntityMethodProcessor  : Using 'application/problem+json', given [*/*] and supported [application/problem+json]
2026-07-26T03:05:03.843+05:30 DEBUG 25040 --- [arohana-backend] [           main] o.s.w.s.m.m.a.HttpEntityMethodProcessor  : Writing [ProblemDetail[type='about:blank', title='Bad Request', status=400, detail='Username already taken',  (truncated)...]
2026-07-26T03:05:03.845+05:30 DEBUG 25040 --- [arohana-backend] [           main] .m.m.a.ExceptionHandlerExceptionResolver : Resolved [java.lang.IllegalArgumentException: Username already taken]
]]></system-out>
  </testcase>
  <testcase name="protectedEndpointRequiresToken" classname="com.arohana.AuthIntegrationTest" time="0.01"/>
  <testcase name="healthEndpointIsPublic" classname="com.arohana.AuthIntegrationTest" time="0.014">
    <system-out><![CDATA[2026-07-26T03:05:03.872+05:30 DEBUG 25040 --- [arohana-backend] [           main] s.w.s.m.m.a.RequestMappingHandlerMapping : Mapped to com.arohana.shared.web.HealthController#health()
2026-07-26T03:05:03.874+05:30 DEBUG 25040 --- [arohana-backend] [           main] m.m.a.RequestResponseBodyMethodProcessor : Using 'application/json', given [*/*] and supported [application/json, application/*+json]
2026-07-26T03:05:03.874+05:30 DEBUG 25040 --- [arohana-backend] [           main] m.m.a.RequestResponseBodyMethodProcessor : Writing [{status=UP, service=arohana-backend}]
]]></system-out>
  </testcase>
</testsuite>